[2026-06-03T08:55:33] === BenchmarkIQ Tushare 管道启动 ===
[2026-06-03T08:55:33] 缓存目录: /Users/jinkunxiao/Documents/业务/银行财报分析/outputs/vqa_template/data_tushare_cache
[2026-06-03T08:55:33] 接口间隔: 200ms
[2026-06-03T08:55:33] === H 股大陆银行拉取（15 家）===
[2026-06-03T08:55:33] ✓ hk_stock_basic 已有缓存
[2026-06-03T08:55:33] → hk_daily: 需新拉 90 组 (ts_code, year)
[2026-06-03T08:55:33]   [1/15] 09668.HK (20200101-20251231)
[2026-06-03T08:55:33]   ⚠ 触发限流，等待 2s 后重试 (1/3)
[2026-06-03T08:55:35]   ⚠ 触发限流，等待 4s 后重试 (2/3)
[2026-06-03T08:55:39]   ⚠ 触发限流，等待 8s 后重试 (3/3)
[2026-06-03T08:55:47]   ✗ 最终失败: 抱歉，您访问接口(hk_daily)频率超限(1次/分钟)，具体频次详情：https://tushare.pro/document/1?doc_id=108。
[2026-06-03T08:55:47]   [2/15] 06138.HK (20200101-20251231)
[2026-06-03T08:55:47]   ⚠ 触发限流，等待 2s 后重试 (1/3)
[2026-06-03T08:55:49]   ⚠ 触发限流，等待 4s 后重试 (2/3)
[2026-06-03T10:56:15] === BenchmarkIQ Tushare 管道启动 ===
[2026-06-03T10:56:15] 缓存目录: /Users/jinkunxiao/Documents/业务/银行财报分析/outputs/vqa_template/data_tushare_cache
[2026-06-03T10:56:15] 接口间隔: 200ms
[2026-06-03T10:56:15] === H 股大陆银行拉取（15 家）===
[2026-06-03T10:56:15] ✓ hk_stock_basic 已有缓存
[2026-06-03T10:56:15] → hk_daily: 需新拉 90 组 (ts_code, year)
[2026-06-03T10:56:15]   [1/15] 09668.HK (20200101-20251231)
[2026-06-03T10:56:18]   ⚠ 触发限流，等待 2s 后重试 (1/3)
[2026-06-03T10:56:20]   ⚠ 触发限流，等待 4s 后重试 (2/3)
[2026-06-03T10:56:24]   ⚠ 触发限流，等待 8s 后重试 (3/3)
[2026-06-03T10:56:32]   ✗ 最终失败: 抱歉，您访问接口(hk_daily)频率超限(1次/分钟)，具体频次详情：https://tushare.pro/document/1?doc_id=108。
[2026-06-03T10:56:32]   [2/15] 06138.HK (20200101-20251231)
[2026-06-03T10:56:33]   ⚠ 触发限流，等待 2s 后重试 (1/3)
[2026-06-03T10:56:35]   ⚠ 触发限流，等待 4s 后重试 (2/3)
